-------------------------------------------------------------------------------
Test set: DealerTest
-------------------------------------------------------------------------------
Tests run: 1, Failures: 1, Errors: 0, Skipped: 0, Time elapsed: 0.024 s <<< FAILURE! - in DealerTest
test  Time elapsed: 0.02 s  <<< FAILURE!
org.opentest4j.AssertionFailedError: Not yet implemented
	at DealerTest.test(DealerTest.java:9)

